<?xml version="1.0" encoding="UTF-8"?>
<testsuite name="AppTest" tests="1" skipped="0" failures="0" errors="0" timestamp="2017-11-18T19:55:30" hostname="MODI-Laptop" time="0.005">
  <properties/>
  <testcase name="testDeckNotNull" classname="AppTest" time="0.005"/>
  <system-out><![CDATA[Deck shuffled...
52
]]></system-out>
  <system-err><![CDATA[]]></system-err>
</testsuite>
