<?xml version="1.0" encoding="UTF-8"?>
<testsuite name="AppTest" tests="1" skipped="0" failures="0" errors="0" timestamp="2017-11-18T19:15:20" hostname="MODI-Laptop" time="0.028">
  <properties/>
  <testcase name="testAppHasAGreeting" classname="AppTest" time="0.028"/>
  <system-out><![CDATA[Deck shuffled...
]]></system-out>
  <system-err><![CDATA[]]></system-err>
</testsuite>
